[2025-05-16T21:42:57.090+0000] {manager.py:470} INFO - Processing files using up to 2 processes at a time 
[2025-05-16T21:42:57.091+0000] {manager.py:471} INFO - Process each file at most once every 30 seconds
[2025-05-16T21:42:57.092+0000] {manager.py:472} INFO - Checking for new files in /opt/airflow/dags every 300 seconds
[2025-05-16T21:42:57.093+0000] {manager.py:737} INFO - Searching for files in /opt/airflow/dags
[2025-05-16T21:42:57.106+0000] {manager.py:740} INFO - There are 1 files in /opt/airflow/dags
[2025-05-16T21:42:57.177+0000] {manager.py:878} INFO - 
================================================================================
DAG File Processing Stats

File Path                                      PID  Runtime      # DAGs    # Errors  Last Runtime    Last Run
-------------------------------------------  -----  ---------  --------  ----------  --------------  ----------
/opt/airflow/dags/creacion_buckets_minio.py    231  0.03s             0           0
================================================================================
[2025-05-16T21:43:27.307+0000] {manager.py:878} INFO - 
================================================================================
DAG File Processing Stats

File Path                                      PID  Runtime      # DAGs    # Errors  Last Runtime    Last Run
-------------------------------------------  -----  ---------  --------  ----------  --------------  -------------------
/opt/airflow/dags/creacion_buckets_minio.py    236  0.00s             0           1  0.13s           2025-05-16T21:42:57
================================================================================
[2025-05-16T21:43:57.503+0000] {manager.py:878} INFO - 
================================================================================
DAG File Processing Stats

File Path                                    PID    Runtime      # DAGs    # Errors  Last Runtime    Last Run
-------------------------------------------  -----  ---------  --------  ----------  --------------  -------------------
/opt/airflow/dags/creacion_buckets_minio.py                           0           1  0.25s           2025-05-16T21:43:27
================================================================================
[2025-05-16T21:44:27.789+0000] {manager.py:878} INFO - 
================================================================================
DAG File Processing Stats

File Path                                    PID    Runtime      # DAGs    # Errors  Last Runtime    Last Run
-------------------------------------------  -----  ---------  --------  ----------  --------------  -------------------
/opt/airflow/dags/creacion_buckets_minio.py                           0           1  0.23s           2025-05-16T21:43:57
================================================================================
[2025-05-16T21:44:58.119+0000] {manager.py:878} INFO - 
================================================================================
DAG File Processing Stats

File Path                                    PID    Runtime      # DAGs    # Errors  Last Runtime    Last Run
-------------------------------------------  -----  ---------  --------  ----------  --------------  -------------------
/opt/airflow/dags/creacion_buckets_minio.py                           0           1  0.24s           2025-05-16T21:44:28
================================================================================
[2025-05-16T21:45:28.469+0000] {manager.py:878} INFO - 
================================================================================
DAG File Processing Stats

File Path                                    PID    Runtime      # DAGs    # Errors  Last Runtime    Last Run
-------------------------------------------  -----  ---------  --------  ----------  --------------  -------------------
/opt/airflow/dags/creacion_buckets_minio.py                           0           1  0.24s           2025-05-16T21:44:58
================================================================================
[2025-05-16T21:45:58.821+0000] {manager.py:878} INFO - 
================================================================================
DAG File Processing Stats

File Path                                    PID    Runtime      # DAGs    # Errors  Last Runtime    Last Run
-------------------------------------------  -----  ---------  --------  ----------  --------------  -------------------
/opt/airflow/dags/creacion_buckets_minio.py                           0           1  0.22s           2025-05-16T21:45:28
================================================================================
[2025-05-16T21:46:29.150+0000] {manager.py:878} INFO - 
================================================================================
DAG File Processing Stats

File Path                                    PID    Runtime      # DAGs    # Errors  Last Runtime    Last Run
-------------------------------------------  -----  ---------  --------  ----------  --------------  -------------------
/opt/airflow/dags/creacion_buckets_minio.py                           0           1  0.23s           2025-05-16T21:45:59
================================================================================
[2025-05-16T21:46:59.481+0000] {manager.py:878} INFO - 
================================================================================
DAG File Processing Stats

File Path                                    PID    Runtime      # DAGs    # Errors  Last Runtime    Last Run
-------------------------------------------  -----  ---------  --------  ----------  --------------  -------------------
/opt/airflow/dags/creacion_buckets_minio.py                           0           1  0.22s           2025-05-16T21:46:29
================================================================================
[2025-05-16T21:47:29.810+0000] {manager.py:878} INFO - 
================================================================================
DAG File Processing Stats

File Path                                    PID    Runtime      # DAGs    # Errors  Last Runtime    Last Run
-------------------------------------------  -----  ---------  --------  ----------  --------------  -------------------
/opt/airflow/dags/creacion_buckets_minio.py                           0           1  0.22s           2025-05-16T21:46:59
================================================================================
[2025-05-21T20:44:37.202+0000] {manager.py:470} INFO - Processing files using up to 2 processes at a time 
[2025-05-21T20:44:37.203+0000] {manager.py:471} INFO - Process each file at most once every 30 seconds
[2025-05-21T20:44:37.203+0000] {manager.py:472} INFO - Checking for new files in /opt/airflow/dags every 300 seconds
[2025-05-21T20:44:37.204+0000] {manager.py:737} INFO - Searching for files in /opt/airflow/dags
[2025-05-21T20:44:37.220+0000] {manager.py:740} INFO - There are 1 files in /opt/airflow/dags
[2025-05-21T20:44:37.284+0000] {manager.py:878} INFO - 
================================================================================
DAG File Processing Stats

File Path                                PID  Runtime      # DAGs    # Errors  Last Runtime    Last Run
-------------------------------------  -----  ---------  --------  ----------  --------------  ----------
/opt/airflow/dags/creacion_buckets.py    235  0.03s             0           0
================================================================================
[2025-05-21T20:45:07.394+0000] {manager.py:878} INFO - 
================================================================================
DAG File Processing Stats

File Path                              PID    Runtime      # DAGs    # Errors  Last Runtime    Last Run
-------------------------------------  -----  ---------  --------  ----------  --------------  -------------------
/opt/airflow/dags/creacion_buckets.py                           1           0  0.42s           2025-05-21T20:44:37
================================================================================
[2025-05-21T20:45:37.916+0000] {manager.py:878} INFO - 
================================================================================
DAG File Processing Stats

File Path                              PID    Runtime      # DAGs    # Errors  Last Runtime    Last Run
-------------------------------------  -----  ---------  --------  ----------  --------------  -------------------
/opt/airflow/dags/creacion_buckets.py                           1           0  0.29s           2025-05-21T20:45:08
================================================================================
[2025-05-21T20:46:08.315+0000] {manager.py:878} INFO - 
================================================================================
DAG File Processing Stats

File Path                              PID    Runtime      # DAGs    # Errors  Last Runtime    Last Run
-------------------------------------  -----  ---------  --------  ----------  --------------  -------------------
/opt/airflow/dags/creacion_buckets.py                           1           0  0.27s           2025-05-21T20:45:38
================================================================================
[2025-05-21T20:46:38.924+0000] {manager.py:878} INFO - 
================================================================================
DAG File Processing Stats

File Path                              PID    Runtime      # DAGs    # Errors  Last Runtime    Last Run
-------------------------------------  -----  ---------  --------  ----------  --------------  -------------------
/opt/airflow/dags/creacion_buckets.py                           1           0  0.25s           2025-05-21T20:46:32
================================================================================
[2025-05-21T20:47:09.059+0000] {manager.py:878} INFO - 
================================================================================
DAG File Processing Stats

File Path                              PID    Runtime      # DAGs    # Errors  Last Runtime    Last Run
-------------------------------------  -----  ---------  --------  ----------  --------------  -------------------
/opt/airflow/dags/creacion_buckets.py                           1           0  0.25s           2025-05-21T20:47:03
================================================================================
[2025-05-21T20:47:39.725+0000] {manager.py:878} INFO - 
================================================================================
DAG File Processing Stats

File Path                              PID    Runtime      # DAGs    # Errors  Last Runtime    Last Run
-------------------------------------  -----  ---------  --------  ----------  --------------  -------------------
/opt/airflow/dags/creacion_buckets.py                           1           0  0.34s           2025-05-21T20:47:34
================================================================================
